<?xml version="1.0" encoding="UTF-8"?>
<!-- Generated by org.testng.reporters.JUnitReportReporter -->
<testsuite skipped="0" hostname="Nas" name="com.statefarm.qa.test.insurance.auto.InitialQuotingHomeOwnerTest" tests="1" failures="0" timestamp="10 Dec 2021 03:55:31 GMT" time="7.897" errors="0">
  <testcase name="verifyLandingPageHome" time="7.897" classname="com.statefarm.qa.test.insurance.auto.InitialQuotingHomeOwnerTest"/>
</testsuite> <!-- com.statefarm.qa.test.insurance.auto.InitialQuotingHomeOwnerTest -->
