<?xml version="1.0" encoding="UTF-8"?>
<!-- Generated by org.testng.reporters.JUnitReportReporter -->
<testsuite skipped="0" hostname="Nas" name="com.statefarm.qa.test.insurance.auto.InitialQuotingAutoTest" tests="1" failures="0" timestamp="20 Oct 2021 02:36:31 GMT" time="14.509" errors="0">
  <testcase name="verifyStepsForNewCustomerAuto" time="14.509" classname="com.statefarm.qa.test.insurance.auto.InitialQuotingAutoTest"/>
</testsuite> <!-- com.statefarm.qa.test.insurance.auto.InitialQuotingAutoTest -->
