<?xml version="1.0" encoding="UTF-8"?>
<!-- Generated by org.testng.reporters.JUnitReportReporter -->
<testsuite skipped="1" hostname="Nas" name="com.statefarm.qa.test.insurance.auto.InitialQuotingAutoTest" tests="1" failures="0" timestamp="15 Dec 2021 02:04:26 GMT" time="0.000" errors="0">
  <testcase name="verifyStepsForExistingCustomerAutoValidCred" time="0.000" classname="com.statefarm.qa.test.insurance.auto.InitialQuotingAutoTest">
    <skipped/>
  </testcase> <!-- verifyStepsForExistingCustomerAutoValidCred -->
</testsuite> <!-- com.statefarm.qa.test.insurance.auto.InitialQuotingAutoTest -->
