<?xml version="1.0" encoding="UTF-8"?>
<!-- Generated by org.testng.reporters.JUnitReportReporter -->
<testsuite skipped="0" hostname="Nas" name="com.statefarm.qa.test.insurance.auto.InitialQuotingHomeOwnerTest" tests="1" failures="0" timestamp="25 Oct 2021 01:54:54 GMT" time="5.837" errors="0">
  <testcase name="verifyLandingPageHome" time="5.837" classname="com.statefarm.qa.test.insurance.auto.InitialQuotingHomeOwnerTest"/>
</testsuite> <!-- com.statefarm.qa.test.insurance.auto.InitialQuotingHomeOwnerTest -->
