<?xml version="1.0" encoding="UTF-8"?>
<!-- Generated by org.testng.reporters.JUnitReportReporter -->
<testsuite skipped="0" hostname="Nas" name="com.statefarm.qa.test.insurance.auto.InitialQuotingTest" tests="1" failures="0" timestamp="18 Oct 2021 02:49:21 GMT" time="19.588" errors="0">
  <testcase name="verifyFindAccountAuto" time="19.588" classname="com.statefarm.qa.test.insurance.auto.InitialQuotingTest"/>
</testsuite> <!-- com.statefarm.qa.test.insurance.auto.InitialQuotingTest -->
