<?xml version="1.0" encoding="UTF-8"?>
<!-- Generated by org.testng.reporters.JUnitReportReporter -->
<testsuite skipped="0" hostname="Nas" name="com.statefarm.qa.test.insurance.auto.InitialQuotingTest" tests="2" failures="0" timestamp="20 Oct 2021 01:33:12 GMT" time="33.864" errors="0">
  <testcase name="verifyStepsForExistingCustomerAutoValidCred" time="12.828" classname="com.statefarm.qa.test.insurance.auto.InitialQuotingTest"/>
  <testcase name="verifyFindAccountAuto" time="21.036" classname="com.statefarm.qa.test.insurance.auto.InitialQuotingTest"/>
</testsuite> <!-- com.statefarm.qa.test.insurance.auto.InitialQuotingTest -->
