<?xml version="1.0" encoding="UTF-8"?>
<!-- Generated by org.testng.reporters.JUnitReportReporter -->
<testsuite skipped="0" hostname="Nas" name="com.statefarm.qa.test.insurance.auto.InitialQuotingHomeOwnerTest" tests="1" failures="0" timestamp="20 Oct 2021 02:49:23 GMT" time="6.444" errors="0">
  <testcase name="verifyLandingPageHome" time="6.444" classname="com.statefarm.qa.test.insurance.auto.InitialQuotingHomeOwnerTest"/>
</testsuite> <!-- com.statefarm.qa.test.insurance.auto.InitialQuotingHomeOwnerTest -->
