<?xml version="1.0" encoding="UTF-8"?>
<!-- Generated by org.testng.reporters.JUnitReportReporter -->
<testsuite skipped="0" hostname="Nas" name="com.statefarm.qa.test.insurance.auto.WebDriverSession" tests="1" failures="0" timestamp="12 Nov 2021 02:35:56 GMT" time="10.311" errors="0">
  <testcase name="sessionCheck" time="10.311" classname="com.statefarm.qa.test.insurance.auto.WebDriverSession"/>
</testsuite> <!-- com.statefarm.qa.test.insurance.auto.WebDriverSession -->
