<?xml version="1.0" encoding="UTF-8"?>
<!-- Generated by org.testng.reporters.JUnitReportReporter -->
<testsuite skipped="2" hostname="Nas" name="com.statefarm.qa.test.insurance.auto.InitialQuotingAutoTest" tests="5" failures="0" timestamp="02 Nov 2021 03:10:06 GMT" time="39.927" errors="0">
  <testcase name="verifyStepsForNewCustomerAuto" time="12.145" classname="com.statefarm.qa.test.insurance.auto.InitialQuotingAutoTest"/>
  <testcase name="verifyStepsForNewCustomerAuto" time="12.231" classname="com.statefarm.qa.test.insurance.auto.InitialQuotingAutoTest"/>
  <testcase name="verifyStepsForNewCustomerAuto" time="15.551" classname="com.statefarm.qa.test.insurance.auto.InitialQuotingAutoTest"/>
  <testcase name="verifyFindAccountAuto" classname="com.statefarm.qa.test.insurance.auto.InitialQuotingAutoTest">
    <skipped/>
  </testcase> <!-- verifyFindAccountAuto -->
  <testcase name="verifyStepsForExistingCustomerAutoValidCred" classname="com.statefarm.qa.test.insurance.auto.InitialQuotingAutoTest">
    <skipped/>
  </testcase> <!-- verifyStepsForExistingCustomerAutoValidCred -->
</testsuite> <!-- com.statefarm.qa.test.insurance.auto.InitialQuotingAutoTest -->
