<?xml version="1.0" encoding="UTF-8"?>
<!-- Generated by org.testng.reporters.JUnitReportReporter -->
<testsuite skipped="1" hostname="Nas" name="com.statefarm.qa.test.insurance.auto.testTheTestClass" tests="5" failures="0" timestamp="20 Oct 2021 02:27:29 GMT" time="0.004" errors="0">
  <testcase name="secondTest" time="0.001" classname="com.statefarm.qa.test.insurance.auto.testTheTestClass"/>
  <testcase name="aTest" time="0.001" classname="com.statefarm.qa.test.insurance.auto.testTheTestClass"/>
  <testcase name="secondTest" time="0.001" classname="com.statefarm.qa.test.insurance.auto.testTheTestClass"/>
  <testcase name="secondTest" time="0.001" classname="com.statefarm.qa.test.insurance.auto.testTheTestClass"/>
  <testcase name="thirdTest" classname="com.statefarm.qa.test.insurance.auto.testTheTestClass">
    <skipped/>
  </testcase> <!-- thirdTest -->
</testsuite> <!-- com.statefarm.qa.test.insurance.auto.testTheTestClass -->
