<?xml version="1.0" encoding="UTF-8"?>
<!-- Generated by org.testng.reporters.JUnitReportReporter -->
<testsuite skipped="0" hostname="Nas" name="com.statefarm.qa.test.insurance.auto.InitialQuotingTest" tests="1" failures="0" timestamp="15 Oct 2021 04:17:35 GMT" time="8.490" errors="0">
  <testcase name="verifyLandingPage" time="8.490" classname="com.statefarm.qa.test.insurance.auto.InitialQuotingTest"/>
</testsuite> <!-- com.statefarm.qa.test.insurance.auto.InitialQuotingTest -->
