<?xml version="1.0" encoding="UTF-8"?>
<!-- Generated by org.testng.reporters.JUnitReportReporter -->
<testsuite skipped="3" hostname="Nas" name="com.statefarm.qa.test.insurance.auto.InitialQuotingAutoTest" tests="12" failures="0" timestamp="03 Nov 2021 02:42:01 GMT" time="120.908" errors="0">
  <testcase name="verifyFindAccountAutoDataProvider" time="12.998" classname="com.statefarm.qa.test.insurance.auto.InitialQuotingAutoTest"/>
  <testcase name="verifyFindAccountAutoDataProvider" time="11.938" classname="com.statefarm.qa.test.insurance.auto.InitialQuotingAutoTest"/>
  <testcase name="verifyFindAccountAutoDataProvider" time="11.394" classname="com.statefarm.qa.test.insurance.auto.InitialQuotingAutoTest"/>
  <testcase name="verifyFindAccountAutoDataProvider" time="15.376" classname="com.statefarm.qa.test.insurance.auto.InitialQuotingAutoTest"/>
  <testcase name="verifyFindAccountAutoDataProvider" time="15.258" classname="com.statefarm.qa.test.insurance.auto.InitialQuotingAutoTest"/>
  <testcase name="verifyFindAccountAutoDataProvider" time="12.342" classname="com.statefarm.qa.test.insurance.auto.InitialQuotingAutoTest"/>
  <testcase name="verifyFindAccountAutoDataProvider" time="12.220" classname="com.statefarm.qa.test.insurance.auto.InitialQuotingAutoTest"/>
  <testcase name="verifyFindAccountAutoDataProvider" time="14.327" classname="com.statefarm.qa.test.insurance.auto.InitialQuotingAutoTest"/>
  <testcase name="verifyFindAccountAutoDataProvider" time="15.055" classname="com.statefarm.qa.test.insurance.auto.InitialQuotingAutoTest"/>
  <testcase name="verifyFindAccountAuto" classname="com.statefarm.qa.test.insurance.auto.InitialQuotingAutoTest">
    <skipped/>
  </testcase> <!-- verifyFindAccountAuto -->
  <testcase name="verifyStepsForExistingCustomerAutoValidCred" classname="com.statefarm.qa.test.insurance.auto.InitialQuotingAutoTest">
    <skipped/>
  </testcase> <!-- verifyStepsForExistingCustomerAutoValidCred -->
  <testcase name="verifyStepsForNewCustomerAuto" classname="com.statefarm.qa.test.insurance.auto.InitialQuotingAutoTest">
    <skipped/>
  </testcase> <!-- verifyStepsForNewCustomerAuto -->
</testsuite> <!-- com.statefarm.qa.test.insurance.auto.InitialQuotingAutoTest -->
